1739053445.511514 client started (58518): version 3.5, socket /tmp/tmux-1000/default, protocol 8
1739053445.511545 on Linux 6.8.0-52-generic #53~22.04.1-Ubuntu SMP PREEMPT_DYNAMIC Wed Jan 15 19:18:46 UTC 2
1739053445.511552 using libevent 2.1.12-stable poll
1739053445.511556 using ncurses 6.4 20240113
1739053445.511580 flags are 0x18010000
1739053445.511585 socket is /tmp/tmux-1000/default
1739053445.511602 trying connect
1739053445.511623 connect failed: No such file or directory
1739053445.511633 lock file is /tmp/tmux-1000/default.lock
1739053445.511663 flock succeeded
1739053445.511675 got lock (6)
1739053445.511688 trying connect
1739053445.511698 connect failed: No such file or directory
1739053445.511940 add peer 0x5cbdb7ef8620: 7 ((nil))
1739053445.512375 sending message 111 to peer 0x5cbdb7ef8620 (8 bytes)
1739053445.512384 sending message 111 to peer 0x5cbdb7ef8620 (8 bytes)
1739053445.512388 sending message 101 to peer 0x5cbdb7ef8620 (15 bytes)
1739053445.512392 sending message 109 to peer 0x5cbdb7ef8620 (4 bytes)
1739053445.512395 sending message 102 to peer 0x5cbdb7ef8620 (11 bytes)
1739053445.512398 sending message 108 to peer 0x5cbdb7ef8620 (49 bytes)
1739053445.512402 sending message 112 to peer 0x5cbdb7ef8620 (58 bytes)
1739053445.512405 sending message 112 to peer 0x5cbdb7ef8620 (5 bytes)
1739053445.512408 sending message 112 to peer 0x5cbdb7ef8620 (5 bytes)
1739053445.512412 sending message 112 to peer 0x5cbdb7ef8620 (6 bytes)
1739053445.512415 sending message 112 to peer 0x5cbdb7ef8620 (6 bytes)
1739053445.512418 sending message 112 to peer 0x5cbdb7ef8620 (11 bytes)
1739053445.512421 sending message 112 to peer 0x5cbdb7ef8620 (10 bytes)
1739053445.512424 sending message 112 to peer 0x5cbdb7ef8620 (13 bytes)
1739053445.512428 sending message 112 to peer 0x5cbdb7ef8620 (14 bytes)
1739053445.512431 sending message 112 to peer 0x5cbdb7ef8620 (19 bytes)
1739053445.512434 sending message 112 to peer 0x5cbdb7ef8620 (11 bytes)
1739053445.512437 sending message 112 to peer 0x5cbdb7ef8620 (10 bytes)
1739053445.512440 sending message 112 to peer 0x5cbdb7ef8620 (15 bytes)
1739053445.512443 sending message 112 to peer 0x5cbdb7ef8620 (21 bytes)
1739053445.512446 sending message 112 to peer 0x5cbdb7ef8620 (13 bytes)
1739053445.512450 sending message 112 to peer 0x5cbdb7ef8620 (7 bytes)
1739053445.512453 sending message 112 to peer 0x5cbdb7ef8620 (13 bytes)
1739053445.512456 sending message 112 to peer 0x5cbdb7ef8620 (7 bytes)
1739053445.512459 sending message 112 to peer 0x5cbdb7ef8620 (13 bytes)
1739053445.512462 sending message 112 to peer 0x5cbdb7ef8620 (9 bytes)
1739053445.512465 sending message 112 to peer 0x5cbdb7ef8620 (21 bytes)
1739053445.512469 sending message 112 to peer 0x5cbdb7ef8620 (13 bytes)
1739053445.512472 sending message 112 to peer 0x5cbdb7ef8620 (9 bytes)
1739053445.512475 sending message 112 to peer 0x5cbdb7ef8620 (16 bytes)
1739053445.512478 sending message 112 to peer 0x5cbdb7ef8620 (13 bytes)
1739053445.512481 sending message 112 to peer 0x5cbdb7ef8620 (9 bytes)
1739053445.512484 sending message 112 to peer 0x5cbdb7ef8620 (9 bytes)
1739053445.512488 sending message 112 to peer 0x5cbdb7ef8620 (12 bytes)
1739053445.512491 sending message 112 to peer 0x5cbdb7ef8620 (8 bytes)
1739053445.512494 sending message 112 to peer 0x5cbdb7ef8620 (8 bytes)
1739053445.512498 sending message 112 to peer 0x5cbdb7ef8620 (13 bytes)
1739053445.512501 sending message 112 to peer 0x5cbdb7ef8620 (7 bytes)
1739053445.512504 sending message 112 to peer 0x5cbdb7ef8620 (7 bytes)
1739053445.512507 sending message 112 to peer 0x5cbdb7ef8620 (9 bytes)
1739053445.512511 sending message 112 to peer 0x5cbdb7ef8620 (9 bytes)
1739053445.512514 sending message 112 to peer 0x5cbdb7ef8620 (15 bytes)
1739053445.512517 sending message 112 to peer 0x5cbdb7ef8620 (13 bytes)
1739053445.512520 sending message 112 to peer 0x5cbdb7ef8620 (12 bytes)
1739053445.512523 sending message 112 to peer 0x5cbdb7ef8620 (8 bytes)
1739053445.512527 sending message 112 to peer 0x5cbdb7ef8620 (14 bytes)
1739053445.512530 sending message 112 to peer 0x5cbdb7ef8620 (11 bytes)
1739053445.512541 sending message 112 to peer 0x5cbdb7ef8620 (9 bytes)
1739053445.512544 sending message 112 to peer 0x5cbdb7ef8620 (10 bytes)
1739053445.512548 sending message 112 to peer 0x5cbdb7ef8620 (10 bytes)
1739053445.512551 sending message 112 to peer 0x5cbdb7ef8620 (10 bytes)
1739053445.512554 sending message 112 to peer 0x5cbdb7ef8620 (10 bytes)
1739053445.512557 sending message 112 to peer 0x5cbdb7ef8620 (11 bytes)
1739053445.512560 sending message 112 to peer 0x5cbdb7ef8620 (12 bytes)
1739053445.512564 sending message 112 to peer 0x5cbdb7ef8620 (12 bytes)
1739053445.512567 sending message 112 to peer 0x5cbdb7ef8620 (12 bytes)
1739053445.512570 sending message 112 to peer 0x5cbdb7ef8620 (12 bytes)
1739053445.512573 sending message 112 to peer 0x5cbdb7ef8620 (12 bytes)
1739053445.512576 sending message 112 to peer 0x5cbdb7ef8620 (11 bytes)
1739053445.512580 sending message 112 to peer 0x5cbdb7ef8620 (11 bytes)
1739053445.512583 sending message 112 to peer 0x5cbdb7ef8620 (12 bytes)
1739053445.512586 sending message 112 to peer 0x5cbdb7ef8620 (12 bytes)
1739053445.512590 sending message 112 to peer 0x5cbdb7ef8620 (12 bytes)
1739053445.512593 sending message 112 to peer 0x5cbdb7ef8620 (12 bytes)
1739053445.512596 sending message 112 to peer 0x5cbdb7ef8620 (12 bytes)
1739053445.512599 sending message 112 to peer 0x5cbdb7ef8620 (9 bytes)
1739053445.512602 sending message 112 to peer 0x5cbdb7ef8620 (12 bytes)
1739053445.512609 sending message 112 to peer 0x5cbdb7ef8620 (13 bytes)
1739053445.512612 sending message 112 to peer 0x5cbdb7ef8620 (13 bytes)
1739053445.512615 sending message 112 to peer 0x5cbdb7ef8620 (13 bytes)
1739053445.512618 sending message 112 to peer 0x5cbdb7ef8620 (13 bytes)
1739053445.512621 sending message 112 to peer 0x5cbdb7ef8620 (13 bytes)
1739053445.512625 sending message 112 to peer 0x5cbdb7ef8620 (8 bytes)
1739053445.512628 sending message 112 to peer 0x5cbdb7ef8620 (11 bytes)
1739053445.512631 sending message 112 to peer 0x5cbdb7ef8620 (11 bytes)
1739053445.512634 sending message 112 to peer 0x5cbdb7ef8620 (11 bytes)
1739053445.512637 sending message 112 to peer 0x5cbdb7ef8620 (12 bytes)
1739053445.512641 sending message 112 to peer 0x5cbdb7ef8620 (12 bytes)
1739053445.512644 sending message 112 to peer 0x5cbdb7ef8620 (12 bytes)
1739053445.512647 sending message 112 to peer 0x5cbdb7ef8620 (12 bytes)
1739053445.512650 sending message 112 to peer 0x5cbdb7ef8620 (13 bytes)
1739053445.512654 sending message 112 to peer 0x5cbdb7ef8620 (13 bytes)
1739053445.512657 sending message 112 to peer 0x5cbdb7ef8620 (13 bytes)
1739053445.512660 sending message 112 to peer 0x5cbdb7ef8620 (8 bytes)
1739053445.512663 sending message 112 to peer 0x5cbdb7ef8620 (13 bytes)
1739053445.512667 sending message 112 to peer 0x5cbdb7ef8620 (13 bytes)
1739053445.512680 sending message 112 to peer 0x5cbdb7ef8620 (13 bytes)
1739053445.512684 sending message 112 to peer 0x5cbdb7ef8620 (13 bytes)
1739053445.512687 sending message 112 to peer 0x5cbdb7ef8620 (13 bytes)
1739053445.512691 sending message 112 to peer 0x5cbdb7ef8620 (12 bytes)
1739053445.512694 sending message 112 to peer 0x5cbdb7ef8620 (12 bytes)
1739053445.512697 sending message 112 to peer 0x5cbdb7ef8620 (12 bytes)
1739053445.512700 sending message 112 to peer 0x5cbdb7ef8620 (12 bytes)
1739053445.512703 sending message 112 to peer 0x5cbdb7ef8620 (13 bytes)
1739053445.512707 sending message 112 to peer 0x5cbdb7ef8620 (8 bytes)
1739053445.512710 sending message 112 to peer 0x5cbdb7ef8620 (13 bytes)
1739053445.512713 sending message 112 to peer 0x5cbdb7ef8620 (13 bytes)
1739053445.512720 sending message 112 to peer 0x5cbdb7ef8620 (13 bytes)
1739053445.512723 sending message 112 to peer 0x5cbdb7ef8620 (13 bytes)
1739053445.512726 sending message 112 to peer 0x5cbdb7ef8620 (13 bytes)
1739053445.512729 sending message 112 to peer 0x5cbdb7ef8620 (13 bytes)
1739053445.512733 sending message 112 to peer 0x5cbdb7ef8620 (13 bytes)
1739053445.512736 sending message 112 to peer 0x5cbdb7ef8620 (12 bytes)
1739053445.512739 sending message 112 to peer 0x5cbdb7ef8620 (12 bytes)
1739053445.512747 sending message 112 to peer 0x5cbdb7ef8620 (12 bytes)
1739053445.512751 sending message 112 to peer 0x5cbdb7ef8620 (8 bytes)
1739053445.512754 sending message 112 to peer 0x5cbdb7ef8620 (12 bytes)
1739053445.512757 sending message 112 to peer 0x5cbdb7ef8620 (13 bytes)
1739053445.512760 sending message 112 to peer 0x5cbdb7ef8620 (13 bytes)
1739053445.512764 sending message 112 to peer 0x5cbdb7ef8620 (13 bytes)
1739053445.512767 sending message 112 to peer 0x5cbdb7ef8620 (13 bytes)
1739053445.512771 sending message 112 to peer 0x5cbdb7ef8620 (13 bytes)
1739053445.512774 sending message 112 to peer 0x5cbdb7ef8620 (13 bytes)
1739053445.512777 sending message 112 to peer 0x5cbdb7ef8620 (13 bytes)
1739053445.512781 sending message 112 to peer 0x5cbdb7ef8620 (13 bytes)
1739053445.512784 sending message 112 to peer 0x5cbdb7ef8620 (12 bytes)
1739053445.512788 sending message 112 to peer 0x5cbdb7ef8620 (10 bytes)
1739053445.512791 sending message 112 to peer 0x5cbdb7ef8620 (12 bytes)
1739053445.512794 sending message 112 to peer 0x5cbdb7ef8620 (12 bytes)
1739053445.512797 sending message 112 to peer 0x5cbdb7ef8620 (12 bytes)
1739053445.512800 sending message 112 to peer 0x5cbdb7ef8620 (13 bytes)
1739053445.512804 sending message 112 to peer 0x5cbdb7ef8620 (13 bytes)
1739053445.512807 sending message 112 to peer 0x5cbdb7ef8620 (13 bytes)
1739053445.512810 sending message 112 to peer 0x5cbdb7ef8620 (13 bytes)
1739053445.512813 sending message 112 to peer 0x5cbdb7ef8620 (13 bytes)
1739053445.512817 sending message 112 to peer 0x5cbdb7ef8620 (13 bytes)
1739053445.512820 sending message 112 to peer 0x5cbdb7ef8620 (13 bytes)
1739053445.512823 sending message 112 to peer 0x5cbdb7ef8620 (10 bytes)
1739053445.512826 sending message 112 to peer 0x5cbdb7ef8620 (13 bytes)
1739053445.512829 sending message 112 to peer 0x5cbdb7ef8620 (12 bytes)
1739053445.512833 sending message 112 to peer 0x5cbdb7ef8620 (12 bytes)
1739053445.512836 sending message 112 to peer 0x5cbdb7ef8620 (12 bytes)
1739053445.512839 sending message 112 to peer 0x5cbdb7ef8620 (10 bytes)
1739053445.512842 sending message 112 to peer 0x5cbdb7ef8620 (10 bytes)
1739053445.512845 sending message 112 to peer 0x5cbdb7ef8620 (10 bytes)
1739053445.512848 sending message 112 to peer 0x5cbdb7ef8620 (12 bytes)
1739053445.512853 sending message 112 to peer 0x5cbdb7ef8620 (13 bytes)
1739053445.512857 sending message 112 to peer 0x5cbdb7ef8620 (13 bytes)
1739053445.512860 sending message 112 to peer 0x5cbdb7ef8620 (13 bytes)
1739053445.512863 sending message 112 to peer 0x5cbdb7ef8620 (13 bytes)
1739053445.512866 sending message 112 to peer 0x5cbdb7ef8620 (13 bytes)
1739053445.512870 sending message 112 to peer 0x5cbdb7ef8620 (10 bytes)
1739053445.512873 sending message 112 to peer 0x5cbdb7ef8620 (11 bytes)
1739053445.512876 sending message 112 to peer 0x5cbdb7ef8620 (12 bytes)
1739053445.512879 sending message 112 to peer 0x5cbdb7ef8620 (12 bytes)
1739053445.512882 sending message 112 to peer 0x5cbdb7ef8620 (12 bytes)
1739053445.512886 sending message 112 to peer 0x5cbdb7ef8620 (12 bytes)
1739053445.512889 sending message 112 to peer 0x5cbdb7ef8620 (12 bytes)
1739053445.512892 sending message 112 to peer 0x5cbdb7ef8620 (11 bytes)
1739053445.512895 sending message 112 to peer 0x5cbdb7ef8620 (12 bytes)
1739053445.512898 sending message 112 to peer 0x5cbdb7ef8620 (12 bytes)
1739053445.512902 sending message 112 to peer 0x5cbdb7ef8620 (13 bytes)
1739053445.512905 sending message 112 to peer 0x5cbdb7ef8620 (13 bytes)
1739053445.512908 sending message 112 to peer 0x5cbdb7ef8620 (13 bytes)
1739053445.512911 sending message 112 to peer 0x5cbdb7ef8620 (13 bytes)
1739053445.512915 sending message 112 to peer 0x5cbdb7ef8620 (13 bytes)
1739053445.512918 sending message 112 to peer 0x5cbdb7ef8620 (10 bytes)
1739053445.512921 sending message 112 to peer 0x5cbdb7ef8620 (9 bytes)
1739053445.512924 sending message 112 to peer 0x5cbdb7ef8620 (12 bytes)
1739053445.512928 sending message 112 to peer 0x5cbdb7ef8620 (13 bytes)
1739053445.512931 sending message 112 to peer 0x5cbdb7ef8620 (13 bytes)
1739053445.512938 sending message 112 to peer 0x5cbdb7ef8620 (13 bytes)
1739053445.512942 sending message 112 to peer 0x5cbdb7ef8620 (13 bytes)
1739053445.512945 sending message 112 to peer 0x5cbdb7ef8620 (13 bytes)
1739053445.512948 sending message 112 to peer 0x5cbdb7ef8620 (9 bytes)
1739053445.512951 sending message 112 to peer 0x5cbdb7ef8620 (12 bytes)
1739053445.512954 sending message 112 to peer 0x5cbdb7ef8620 (13 bytes)
1739053445.512957 sending message 112 to peer 0x5cbdb7ef8620 (13 bytes)
1739053445.512961 sending message 112 to peer 0x5cbdb7ef8620 (13 bytes)
1739053445.512964 sending message 112 to peer 0x5cbdb7ef8620 (13 bytes)
1739053445.512967 sending message 112 to peer 0x5cbdb7ef8620 (13 bytes)
1739053445.512970 sending message 112 to peer 0x5cbdb7ef8620 (11 bytes)
1739053445.512973 sending message 112 to peer 0x5cbdb7ef8620 (12 bytes)
1739053445.512977 sending message 112 to peer 0x5cbdb7ef8620 (13 bytes)
1739053445.512980 sending message 112 to peer 0x5cbdb7ef8620 (13 bytes)
1739053445.512983 sending message 112 to peer 0x5cbdb7ef8620 (13 bytes)
1739053445.512986 sending message 112 to peer 0x5cbdb7ef8620 (13 bytes)
1739053445.512989 sending message 112 to peer 0x5cbdb7ef8620 (13 bytes)
1739053445.512992 sending message 112 to peer 0x5cbdb7ef8620 (11 bytes)
1739053445.512996 sending message 112 to peer 0x5cbdb7ef8620 (12 bytes)
1739053445.512999 sending message 112 to peer 0x5cbdb7ef8620 (12 bytes)
1739053445.513002 sending message 112 to peer 0x5cbdb7ef8620 (12 bytes)
1739053445.513005 sending message 112 to peer 0x5cbdb7ef8620 (12 bytes)
1739053445.513009 sending message 112 to peer 0x5cbdb7ef8620 (12 bytes)
1739053445.513012 sending message 112 to peer 0x5cbdb7ef8620 (21 bytes)
1739053445.513015 sending message 112 to peer 0x5cbdb7ef8620 (12 bytes)
1739053445.513019 sending message 112 to peer 0x5cbdb7ef8620 (9 bytes)
1739053445.513022 sending message 112 to peer 0x5cbdb7ef8620 (6 bytes)
1739053445.513025 sending message 112 to peer 0x5cbdb7ef8620 (13 bytes)
1739053445.513029 sending message 112 to peer 0x5cbdb7ef8620 (10 bytes)
1739053445.513032 sending message 112 to peer 0x5cbdb7ef8620 (24 bytes)
1739053445.513035 sending message 112 to peer 0x5cbdb7ef8620 (13 bytes)
1739053445.513038 sending message 112 to peer 0x5cbdb7ef8620 (9 bytes)
1739053445.513042 sending message 112 to peer 0x5cbdb7ef8620 (70 bytes)
1739053445.513045 sending message 112 to peer 0x5cbdb7ef8620 (69 bytes)
1739053445.513048 sending message 112 to peer 0x5cbdb7ef8620 (12 bytes)
1739053445.513052 sending message 112 to peer 0x5cbdb7ef8620 (10 bytes)
1739053445.513055 sending message 112 to peer 0x5cbdb7ef8620 (10 bytes)
1739053445.513058 sending message 112 to peer 0x5cbdb7ef8620 (24 bytes)
1739053445.513061 sending message 112 to peer 0x5cbdb7ef8620 (13 bytes)
1739053445.513065 sending message 112 to peer 0x5cbdb7ef8620 (10 bytes)
1739053445.513068 sending message 112 to peer 0x5cbdb7ef8620 (10 bytes)
1739053445.513071 sending message 112 to peer 0x5cbdb7ef8620 (10 bytes)
1739053445.513076 sending message 112 to peer 0x5cbdb7ef8620 (13 bytes)
1739053445.513079 sending message 112 to peer 0x5cbdb7ef8620 (15 bytes)
1739053445.513083 sending message 112 to peer 0x5cbdb7ef8620 (5 bytes)
1739053445.513087 sending message 104 to peer 0x5cbdb7ef8620 (0 bytes)
1739053445.513091 sending message 110 to peer 0x5cbdb7ef8620 (0 bytes)
1739053445.513095 sending message 107 to peer 0x5cbdb7ef8620 (4 bytes)
1739053445.513099 sending message 105 to peer 0x5cbdb7ef8620 (20 bytes)
1739053445.513102 sending message 105 to peer 0x5cbdb7ef8620 (54 bytes)
1739053445.513106 sending message 105 to peer 0x5cbdb7ef8620 (31 bytes)
1739053445.513109 sending message 105 to peer 0x5cbdb7ef8620 (11 bytes)
1739053445.513113 sending message 105 to peer 0x5cbdb7ef8620 (26 bytes)
1739053445.513116 sending message 105 to peer 0x5cbdb7ef8620 (44 bytes)
1739053445.513120 sending message 105 to peer 0x5cbdb7ef8620 (23 bytes)
1739053445.513123 sending message 105 to peer 0x5cbdb7ef8620 (32 bytes)
1739053445.513126 sending message 105 to peer 0x5cbdb7ef8620 (86 bytes)
1739053445.513134 sending message 105 to peer 0x5cbdb7ef8620 (30 bytes)
1739053445.513138 sending message 105 to peer 0x5cbdb7ef8620 (20 bytes)
1739053445.513141 sending message 105 to peer 0x5cbdb7ef8620 (28 bytes)
1739053445.513144 sending message 105 to peer 0x5cbdb7ef8620 (14 bytes)
1739053445.513148 sending message 105 to peer 0x5cbdb7ef8620 (18 bytes)
1739053445.513151 sending message 105 to peer 0x5cbdb7ef8620 (51 bytes)
1739053445.513154 sending message 105 to peer 0x5cbdb7ef8620 (17 bytes)
1739053445.513158 sending message 105 to peer 0x5cbdb7ef8620 (18 bytes)
1739053445.513161 sending message 105 to peer 0x5cbdb7ef8620 (23 bytes)
1739053445.513164 sending message 105 to peer 0x5cbdb7ef8620 (30 bytes)
1739053445.513167 sending message 105 to peer 0x5cbdb7ef8620 (27 bytes)
1739053445.513171 sending message 105 to peer 0x5cbdb7ef8620 (24 bytes)
1739053445.513174 sending message 105 to peer 0x5cbdb7ef8620 (20 bytes)
1739053445.513177 sending message 105 to peer 0x5cbdb7ef8620 (23 bytes)
1739053445.513181 sending message 105 to peer 0x5cbdb7ef8620 (21 bytes)
1739053445.513184 sending message 105 to peer 0x5cbdb7ef8620 (25 bytes)
1739053445.513188 sending message 105 to peer 0x5cbdb7ef8620 (20 bytes)
1739053445.513191 sending message 105 to peer 0x5cbdb7ef8620 (34 bytes)
1739053445.513194 sending message 105 to peer 0x5cbdb7ef8620 (32 bytes)
1739053445.513197 sending message 105 to peer 0x5cbdb7ef8620 (11 bytes)
1739053445.513201 sending message 105 to peer 0x5cbdb7ef8620 (1519 bytes)
1739053445.513217 sending message 105 to peer 0x5cbdb7ef8620 (62 bytes)
1739053445.513221 sending message 105 to peer 0x5cbdb7ef8620 (41 bytes)
1739053445.513224 sending message 105 to peer 0x5cbdb7ef8620 (97 bytes)
1739053445.513228 sending message 105 to peer 0x5cbdb7ef8620 (49 bytes)
1739053445.513231 sending message 105 to peer 0x5cbdb7ef8620 (14 bytes)
1739053445.513234 sending message 105 to peer 0x5cbdb7ef8620 (22 bytes)
1739053445.513238 sending message 105 to peer 0x5cbdb7ef8620 (58 bytes)
1739053445.513241 sending message 105 to peer 0x5cbdb7ef8620 (17 bytes)
1739053445.513244 sending message 105 to peer 0x5cbdb7ef8620 (358 bytes)
1739053445.513248 sending message 105 to peer 0x5cbdb7ef8620 (53 bytes)
1739053445.513251 sending message 105 to peer 0x5cbdb7ef8620 (19 bytes)
1739053445.513254 sending message 105 to peer 0x5cbdb7ef8620 (19 bytes)
1739053445.513258 sending message 105 to peer 0x5cbdb7ef8620 (46 bytes)
1739053445.513262 sending message 105 to peer 0x5cbdb7ef8620 (50 bytes)
1739053445.513265 sending message 105 to peer 0x5cbdb7ef8620 (28 bytes)
1739053445.513269 sending message 105 to peer 0x5cbdb7ef8620 (25 bytes)
1739053445.513272 sending message 105 to peer 0x5cbdb7ef8620 (82 bytes)
1739053445.513275 sending message 105 to peer 0x5cbdb7ef8620 (16 bytes)
1739053445.513279 sending message 105 to peer 0x5cbdb7ef8620 (8 bytes)
1739053445.513282 sending message 105 to peer 0x5cbdb7ef8620 (19 bytes)
1739053445.513285 sending message 105 to peer 0x5cbdb7ef8620 (16 bytes)
1739053445.513289 sending message 105 to peer 0x5cbdb7ef8620 (34 bytes)
1739053445.513292 sending message 105 to peer 0x5cbdb7ef8620 (66 bytes)
1739053445.513295 sending message 105 to peer 0x5cbdb7ef8620 (65 bytes)
1739053445.513298 sending message 105 to peer 0x5cbdb7ef8620 (28 bytes)
1739053445.513302 sending message 105 to peer 0x5cbdb7ef8620 (15 bytes)
1739053445.513305 sending message 105 to peer 0x5cbdb7ef8620 (19 bytes)
1739053445.513308 sending message 105 to peer 0x5cbdb7ef8620 (24 bytes)
1739053445.513311 sending message 105 to peer 0x5cbdb7ef8620 (84 bytes)
1739053445.513315 sending message 105 to peer 0x5cbdb7ef8620 (15 bytes)
1739053445.513318 sending message 105 to peer 0x5cbdb7ef8620 (24 bytes)
1739053445.513321 sending message 105 to peer 0x5cbdb7ef8620 (13 bytes)
1739053445.513324 sending message 105 to peer 0x5cbdb7ef8620 (17 bytes)
1739053445.513328 sending message 105 to peer 0x5cbdb7ef8620 (14 bytes)
1739053445.513331 sending message 105 to peer 0x5cbdb7ef8620 (43 bytes)
1739053445.513334 sending message 105 to peer 0x5cbdb7ef8620 (37 bytes)
1739053445.513342 sending message 105 to peer 0x5cbdb7ef8620 (17 bytes)
1739053445.513345 sending message 105 to peer 0x5cbdb7ef8620 (33 bytes)
1739053445.513349 sending message 105 to peer 0x5cbdb7ef8620 (41 bytes)
1739053445.513352 sending message 105 to peer 0x5cbdb7ef8620 (23 bytes)
1739053445.513355 sending message 105 to peer 0x5cbdb7ef8620 (20 bytes)
1739053445.513359 sending message 105 to peer 0x5cbdb7ef8620 (8 bytes)
1739053445.513363 sending message 105 to peer 0x5cbdb7ef8620 (12 bytes)
1739053445.513367 sending message 105 to peer 0x5cbdb7ef8620 (17 bytes)
1739053445.513370 sending message 105 to peer 0x5cbdb7ef8620 (26 bytes)
1739053445.513373 sending message 105 to peer 0x5cbdb7ef8620 (54 bytes)
1739053445.513377 sending message 105 to peer 0x5cbdb7ef8620 (53 bytes)
1739053445.513380 sending message 105 to peer 0x5cbdb7ef8620 (33 bytes)
1739053445.513384 sending message 105 to peer 0x5cbdb7ef8620 (93 bytes)
1739053445.513387 sending message 105 to peer 0x5cbdb7ef8620 (23 bytes)
1739053445.513390 sending message 105 to peer 0x5cbdb7ef8620 (31 bytes)
1739053445.513393 sending message 105 to peer 0x5cbdb7ef8620 (23 bytes)
1739053445.513397 sending message 105 to peer 0x5cbdb7ef8620 (35 bytes)
1739053445.513400 sending message 105 to peer 0x5cbdb7ef8620 (25 bytes)
1739053445.513403 sending message 105 to peer 0x5cbdb7ef8620 (21 bytes)
1739053445.513406 sending message 105 to peer 0x5cbdb7ef8620 (17 bytes)
1739053445.513410 sending message 106 to peer 0x5cbdb7ef8620 (0 bytes)
1739053445.513464 sending message 200 to peer 0x5cbdb7ef8620 (4 bytes)
1739053445.513469 client loop enter
1739053445.513485 client_signal: Child exited
1739053445.569468 peer 0x5cbdb7ef8620 message 207
1739053445.569481 sending message 208 to peer 0x5cbdb7ef8620 (0 bytes)
1739053448.179204 peer 0x5cbdb7ef8620 message 203
1739053448.179254 sending message 205 to peer 0x5cbdb7ef8620 (0 bytes)
1739053448.180274 peer 0x5cbdb7ef8620 message 204
1739053448.180322 client loop exit
